<?xml version="1.0" encoding="UTF-8"?>
<!-- Generated by org.testng.reporters.JUnitReportReporter -->
<testsuite skipped="0" hostname="DESKTOP-AN9C5C7" name="com.w2a.testCases.ClassicCar_login" tests="1" failures="0" timestamp="2020-08-29T20:20:34 BDT" time="28.438" errors="0">
  <testcase name="loginAccount" time="28.438" classname="com.w2a.testCases.ClassicCar_login"/>
  <system-out/>
</testsuite> <!-- com.w2a.testCases.ClassicCar_login -->
